<?xml version="1.0" encoding="UTF-8" ?>
<testsuites>
<testsuite name="Validate Article functionality" errors="0" tests="8" failures="0" time="1.218" timestamp="2021-11-19T13:10:15">
  <testcase classname="Validate Article functionality" name="register new user" time="0.231"></testcase>
  <testcase classname="Validate Article functionality" name="login user" time="0.07"></testcase>
  <testcase classname="Validate Article functionality" name="set headline" time="0.156"></testcase>
  <testcase classname="Validate Article functionality" name="get user headline" time="0.112"></testcase>
  <testcase classname="Validate Article functionality" name="add an article" time="0.311"></testcase>
  <testcase classname="Validate Article functionality" name="should give one article" time="0.156"></testcase>
  <testcase classname="Validate Article functionality" name="validate GET /articles/id" time="0.113"></testcase>
  <testcase classname="Validate Article functionality" name="logout user" time="0.067"></testcase>
</testsuite>
</testsuites>